<?xml version="1.0" encoding="UTF-8"?>
<testng-results skipped="0" failed="0" ignored="0" total="2" passed="2">
  <reporter-output>
  </reporter-output>
  <suite name="Default suite" duration-ms="140" started-at="2021-10-18T13:47:58Z" finished-at="2021-10-18T13:47:58Z">
    <groups>
    </groups>
    <test name="Default test" duration-ms="140" started-at="2021-10-18T13:47:58Z" finished-at="2021-10-18T13:47:58Z">
      <class name="com.crm.contactTest.ContactTest">
        <test-method status="PASS" signature="createContactTest()[pri:0, instance:com.crm.contactTest.ContactTest@4678c730]" name="createContactTest" duration-ms="34" started-at="2021-10-18T13:47:58Z" finished-at="2021-10-18T13:47:58Z">
          <reporter-output>
          </reporter-output>
        </test-method> <!-- createContactTest -->
        <test-method status="PASS" signature="editContactTest()[pri:0, instance:com.crm.contactTest.ContactTest@4678c730]" name="editContactTest" duration-ms="6" started-at="2021-10-18T13:47:58Z" finished-at="2021-10-18T13:47:58Z">
          <reporter-output>
          </reporter-output>
        </test-method> <!-- editContactTest -->
      </class> <!-- com.crm.contactTest.ContactTest -->
    </test> <!-- Default test -->
  </suite> <!-- Default suite -->
</testng-results>
